root - INFO - STARTING AT : 20211105112255
root - INFO - Opening : C:\Users\ben.george\OneDrive - GenesisCare\General - Stereotactic Radiotherapy Service\MRLINAC\Patient_dashboard\MRL_dashboard.xlsm
root - INFO - Workbook open, running macro
root - INFO - Macro run
root - INFO - Workbook saved
root - INFO - Workbook quit
root - INFO - Deleted var
root - INFO - STARTING AT : 20211105112833
root - INFO - Opening : C:\Users\ben.george\OneDrive - GenesisCare\General - Stereotactic Radiotherapy Service\MRLINAC\Patient_dashboard\MRL_dashboard.xlsm
root - INFO - Cannot update - workbook probably open
root - INFO - Deleted var
root - INFO - STARTING AT : 20211105112932
root - INFO - Opening : C:\Users\ben.george\OneDrive - GenesisCare\General - Stereotactic Radiotherapy Service\MRLINAC\Patient_dashboard\MRL_dashboard.xlsm
root - INFO - Cannot update - workbook probably open
root - INFO - Deleted var
root - INFO - STARTING AT : 20211105113006
root - INFO - Opening : C:\Users\ben.george\OneDrive - GenesisCare\General - Stereotactic Radiotherapy Service\MRLINAC\Patient_dashboard\MRL_dashboard.xlsm
root - INFO - Cannot update - workbook probably open
root - INFO - Deleted var
root - INFO - STARTING AT : 20211105113254
root - INFO - Opening : C:\Users\ben.george\OneDrive - GenesisCare\General - Stereotactic Radiotherapy Service\MRLINAC\Patient_dashboard\MRL_dashboard.xlsm
root - INFO - Cannot update - workbook probably open
root - INFO - Deleted var
root - INFO - STARTING AT : 20211105113600
root - INFO - Opening : C:\Users\ben.george\OneDrive - GenesisCare\General - Stereotactic Radiotherapy Service\MRLINAC\Patient_dashboard\MRL_dashboard.xlsm
root - INFO - Workbook open, running macro
root - INFO - Cannot update - workbook probably open
root - INFO - Deleted var
root - INFO - Found 3929
root - INFO - Finished updating factions and patients csv
root - INFO - STARTING AT : 20211105120156
root - INFO - Opening : C:\Users\ben.george\OneDrive - GenesisCare\General - Stereotactic Radiotherapy Service\MRLINAC\Patient_dashboard\MRL_dashboard.xlsm
root - INFO - Cannot update - workbook probably open
root - INFO - Deleted var
root - INFO - Found 3930
root - INFO - Finished updating factions and patients csv
root - INFO - STARTING AT : 20211105123817
root - INFO - Opening : C:\Users\ben.george\OneDrive - GenesisCare\General - Stereotactic Radiotherapy Service\MRLINAC\Patient_dashboard\MRL_dashboard.xlsm
root - INFO - Cannot update - workbook probably open
root - INFO - Deleted var
root - INFO - Found 3930
root - INFO - Finished updating factions and patients csv
root - INFO - STARTING AT : 20211105125500
root - INFO - Opening : C:\Users\ben.george\OneDrive - GenesisCare\General - Stereotactic Radiotherapy Service\MRLINAC\Patient_dashboard\MRL_dashboard.xlsm
root - INFO - Cannot update - workbook probably open
root - INFO - Deleted var
root - INFO - Found 3933
root - INFO - Finished updating factions and patients csv
root - INFO - STARTING AT : 20211105171536
root - INFO - Copy C:\Users\ben.george\OneDrive - GenesisCare\General - Stereotactic Radiotherapy Service\MRLINAC\Patient_dashboard\MRL_dashboard.xlsm -> C:\Users\ben.george\OneDrive - GenesisCare\General - Stereotactic Radiotherapy Service\MRLINAC\Patient_dashboard\src\xlsm_tmp\MRL_dashboard2021-11-05 17:15:36.490500.xlsm
root - INFO - Found 3933
root - INFO - Finished updating factions and patients csv
root - INFO - STARTING AT : 20211105171707
root - INFO - Copy C:\Users\ben.george\OneDrive - GenesisCare\General - Stereotactic Radiotherapy Service\MRLINAC\Patient_dashboard\MRL_dashboard.xlsm -> C:\Users\ben.george\OneDrive - GenesisCare\General - Stereotactic Radiotherapy Service\MRLINAC\Patient_dashboard\src\xlsm_tmp
root - INFO - Found 3934
root - INFO - Finished updating factions and patients csv
root - INFO - STARTING AT : 20211108082236
root - INFO - Copy C:\Users\ben.george\OneDrive - GenesisCare\General - Stereotactic Radiotherapy Service\MRLINAC\Patient_dashboard\MRL_dashboard.xlsm -> C:\Users\ben.george\OneDrive - GenesisCare\General - Stereotactic Radiotherapy Service\MRLINAC\Patient_dashboard\src\xlsm_tmp
root - INFO - Found 3934
root - INFO - Finished updating factions and patients csv
root - INFO - STARTING AT : 20211108082310
root - INFO - Copy C:\Users\ben.george\OneDrive - GenesisCare\General - Stereotactic Radiotherapy Service\MRLINAC\Patient_dashboard\MRL_dashboard.xlsm -> C:\Users\ben.george\OneDrive - GenesisCare\General - Stereotactic Radiotherapy Service\MRLINAC\Patient_dashboard\src\xlsm_tmp
root - INFO - Found 3934
root - INFO - Finished updating factions and patients csv
root - INFO - STARTING AT : 20211108082505
root - INFO - Copy C:\Users\ben.george\OneDrive - GenesisCare\General - Stereotactic Radiotherapy Service\MRLINAC\Patient_dashboard\MRL_dashboard.xlsm -> C:\Users\ben.george\OneDrive - GenesisCare\General - Stereotactic Radiotherapy Service\MRLINAC\Patient_dashboard\MRL\src\xlsm_tmp
root - INFO - Found 3934
root - INFO - Finished updating factions and patients csv
root - INFO - STARTING AT : 20211108082541
root - INFO - Copy C:\Users\ben.george\OneDrive - GenesisCare\General - Stereotactic Radiotherapy Service\MRLINAC\Patient_dashboard\MRL_dashboard.xlsm -> C:\Users\ben.george\OneDrive - GenesisCare\General - Stereotactic Radiotherapy Service\MRLINAC\Patient_dashboard\MRL\xlsm_tmp
root - INFO - Found 3934
root - INFO - Finished updating factions and patients csv
root - INFO - STARTING AT : 20211108082627
root - INFO - Copy C:\Users\ben.george\OneDrive - GenesisCare\General - Stereotactic Radiotherapy Service\MRLINAC\Patient_dashboard\MRL_dashboard.xlsm -> C:\Users\ben.george\OneDrive - GenesisCare\General - Stereotactic Radiotherapy Service\MRLINAC\Patient_dashboard\src\xlsm_tmp
root - INFO - Found 3934
root - INFO - Finished updating factions and patients csv
root - INFO - STARTING AT : 20211108082957
root - INFO - Opening : C:\Users\ben.george\OneDrive - GenesisCare\General - Stereotactic Radiotherapy Service\MRLINAC\Patient_dashboard\src\xlsm_tmp\MRL_dashboard.xlsm
root - INFO - Workbook open, running macro
root - INFO - Macro run
root - INFO - Workbook saved
root - INFO - Workbook quit
root - INFO - Deleted var
root - INFO - Found 3934
root - INFO - Finished updating factions and patients csv
root - INFO - STARTING AT : 20211108083515
root - INFO - Opening : C:\Users\ben.george\OneDrive - GenesisCare\General - Stereotactic Radiotherapy Service\MRLINAC\Patient_dashboard\src\xlsm_tmp\MRL_dashboard.xlsm
root - INFO - Workbook open, running macro
root - INFO - Macro run
root - INFO - Workbook saved
root - INFO - Workbook quit
root - INFO - Deleted var
Script started 
mytime 
About to run count_delivery_records.py 
root - INFO - Found 3948
root - INFO - Finished updating factions and patients csv
About to copy file to tmp location 
About to load_new_data.py 
root - INFO - STARTING AT : 20211109100050
root - INFO - Opening : C:\Users\ben.george\OneDrive - GenesisCare\General - Stereotactic Radiotherapy Service\MRLINAC\Patient_dashboard\src\xlsm_tmp\MRL_dashboard.xlsm
root - INFO - Workbook open, running macro
root - INFO - Macro run
root - INFO - Workbook saved
root - INFO - Workbook quit
root - INFO - Deleted var
About to copy back 
FINISHED 
Script started 
mytime 
About to run count_delivery_records.py 
root - INFO - Found 3948
root - INFO - Finished updating factions and patients csv
About to copy file to tmp location 
About to load_new_data.py 
root - INFO - STARTING AT : 20211109100432
root - INFO - Opening : C:\Users\ben.george\OneDrive - GenesisCare\General - Stereotactic Radiotherapy Service\MRLINAC\Patient_dashboard\src\xlsm_tmp\MRL_dashboard.xlsm
root - INFO - Workbook open, running macro
root - INFO - Macro run
root - INFO - Workbook saved
root - INFO - Workbook quit
root - INFO - Deleted var
About to copy back 
FINISHED 
Script started 
-11-2021_1005 
About to run count_delivery_records.py 
root - INFO - Found 3948
root - INFO - Finished updating factions and patients csv
About to copy file to tmp location 
About to load_new_data.py 
root - INFO - STARTING AT : 20211109100546
root - INFO - Opening : C:\Users\ben.george\OneDrive - GenesisCare\General - Stereotactic Radiotherapy Service\MRLINAC\Patient_dashboard\src\xlsm_tmp\MRL_dashboard.xlsm
root - INFO - Workbook open, running macro
root - INFO - Macro run
root - INFO - Workbook saved
root - INFO - Workbook quit
root - INFO - Deleted var
About to copy back 
FINISHED 
Script started 
date /t 
time /t 
About to run count_delivery_records.py 
root - INFO - Found 3948
root - INFO - Finished updating factions and patients csv
About to copy file to tmp location 
About to load_new_data.py 
root - INFO - STARTING AT : 20211109100701
root - INFO - Opening : C:\Users\ben.george\OneDrive - GenesisCare\General - Stereotactic Radiotherapy Service\MRLINAC\Patient_dashboard\src\xlsm_tmp\MRL_dashboard.xlsm
root - INFO - Workbook open, running macro
root - INFO - Macro run
root - INFO - Workbook saved
root - INFO - Workbook quit
root - INFO - Deleted var
About to load_new_data.py 
root - INFO - STARTING AT : 20211109100827
root - INFO - Opening : C:\Users\ben.george\OneDrive - GenesisCare\General - Stereotactic Radiotherapy Service\MRLINAC\Patient_dashboard\src\xlsm_tmp\MRL_dashboard.xlsm
root - INFO - Workbook open, running macro
root - INFO - Macro run
root - INFO - Workbook saved
root - INFO - Workbook quit
root - INFO - Deleted var
About to copy back 
FINISHED 
Script started 
Local date is [2021-11-09 10:29:13.050] 
About to run count_delivery_records.py 
root - INFO - Found 3948
root - INFO - Finished updating factions and patients csv
About to copy file to tmp location 
About to load_new_data.py 
root - INFO - STARTING AT : 20211109102914
root - INFO - Opening : C:\Users\ben.george\OneDrive - GenesisCare\General - Stereotactic Radiotherapy Service\MRLINAC\Patient_dashboard\src\xlsm_tmp\MRL_dashboard.xlsm
root - INFO - Workbook open, running macro
root - INFO - Macro run
root - INFO - Workbook saved
root - INFO - Workbook quit
root - INFO - Deleted var
About to copy back 
FINISHED 
Script started 
Local date is [2021-11-09 10:58:35.429] 
About to run count_delivery_records.py 
root - INFO - Found 3949
root - INFO - Finished updating factions and patients csv
About to copy file to tmp location 
About to load_new_data.py 
root - INFO - STARTING AT : 20211109105838
root - INFO - Opening : C:\Users\ben.george\OneDrive - GenesisCare\General - Stereotactic Radiotherapy Service\MRLINAC\Patient_dashboard\src\xlsm_tmp\MRL_dashboard.xlsm
root - INFO - Cannot update - workbook probably open
root - INFO - Deleted var
About to copy back 
FINISHED 
Script started 
Local date is [2021-11-09 10:59:25.829] 
About to run count_delivery_records.py 
root - INFO - Found 3949
root - INFO - Finished updating factions and patients csv
About to copy file to tmp location 
About to load_new_data.py 
root - INFO - STARTING AT : 20211109105927
root - INFO - Opening : C:\Users\ben.george\OneDrive - GenesisCare\General - Stereotactic Radiotherapy Service\MRLINAC\Patient_dashboard\src\xlsm_tmp\MRL_dashboard.xlsm
root - INFO - Cannot update - workbook probably open
root - INFO - Deleted var
About to copy back 
FINISHED 
Script started 
Local date is [2021-11-10 02:00:01.596] 
About to run count_delivery_records.py 
root - INFO - Found 3953
root - INFO - Finished updating factions and patients csv
About to copy file to tmp location 
About to load_new_data.py 
root - INFO - STARTING AT : 20211110020006
root - INFO - Opening : C:\Users\ben.george\OneDrive - GenesisCare\General - Stereotactic Radiotherapy Service\MRLINAC\Patient_dashboard\src\xlsm_tmp\MRL_dashboard.xlsm
Script started 
Local date is [2021-11-10 08:41:40.474] 
About to run count_delivery_records.py 
About to copy file to tmp location 
About to load_new_data.py 
root - INFO - STARTING AT : 20211110084141
root - INFO - Opening : C:\Users\ben.george\OneDrive - GenesisCare\General - Stereotactic Radiotherapy Service\MRLINAC\Patient_dashboard\src\xlsm_tmp\MRL_dashboard.xlsm
root - INFO - Workbook open, running macro
root - INFO - Macro run
root - INFO - Cannot update - workbook probably open
root - INFO - Deleted var
About to copy back 
FINISHED 
Script started 
Local date is [2021-11-12 02:00:01.594] 
About to run count_delivery_records.py 
root - INFO - Found 3972
root - INFO - Finished updating factions and patients csv
About to copy file to tmp location 
About to load_new_data.py 
root - INFO - STARTING AT : 20211112020009
root - INFO - Opening : C:\Users\ben.george\OneDrive - GenesisCare\General - Stereotactic Radiotherapy Service\MRLINAC\Patient_dashboard\src\xlsm_tmp\MRL_dashboard.xlsm
Script started 
Local date is [2021-11-13 02:00:01.571] 
About to run count_delivery_records.py 
root - INFO - Found 3984
root - INFO - Finished updating factions and patients csv
About to copy file to tmp location 
About to load_new_data.py 
root - INFO - STARTING AT : 20211113020007
root - INFO - Opening : C:\Users\ben.george\OneDrive - GenesisCare\General - Stereotactic Radiotherapy Service\MRLINAC\Patient_dashboard\src\xlsm_tmp\MRL_dashboard.xlsm
Script started 
Local date is [2021-11-16 02:00:01.619] 
About to run count_delivery_records.py 
root - INFO - Found 4001
root - INFO - Finished updating factions and patients csv
About to copy file to tmp location 
About to load_new_data.py 
root - INFO - STARTING AT : 20211116020009
root - INFO - Opening : C:\Users\ben.george\OneDrive - GenesisCare\General - Stereotactic Radiotherapy Service\MRLINAC\Patient_dashboard\src\xlsm_tmp\MRL_dashboard.xlsm
Script started 
Local date is [2021-11-17 02:00:01.617] 
About to run count_delivery_records.py 
root - INFO - Found 4011
root - INFO - Finished updating factions and patients csv
About to copy file to tmp location 
About to load_new_data.py 
root - INFO - STARTING AT : 20211117020007
root - INFO - Opening : C:\Users\ben.george\OneDrive - GenesisCare\General - Stereotactic Radiotherapy Service\MRLINAC\Patient_dashboard\src\xlsm_tmp\MRL_dashboard.xlsm
Script started 
Local date is [2021-11-18 02:00:01.641] 
About to run count_delivery_records.py 
root - INFO - Found 4024
root - INFO - Finished updating factions and patients csv
About to copy file to tmp location 
About to load_new_data.py 
root - INFO - STARTING AT : 20211118020010
root - INFO - Opening : C:\Users\ben.george\OneDrive - GenesisCare\General - Stereotactic Radiotherapy Service\MRLINAC\Patient_dashboard\src\xlsm_tmp\MRL_dashboard.xlsm
root - INFO - Cannot update - workbook probably open
root - INFO - Deleted var
About to copy back 
FINISHED 
Script started 
Local date is [2021-11-19 02:00:01.701] 
About to run count_delivery_records.py 
root - INFO - Found 4035
root - INFO - Finished updating factions and patients csv
About to copy file to tmp location 
About to load_new_data.py 
root - INFO - STARTING AT : 20211119020007
root - INFO - Opening : C:\Users\ben.george\OneDrive - GenesisCare\General - Stereotactic Radiotherapy Service\MRLINAC\Patient_dashboard\src\xlsm_tmp\MRL_dashboard.xlsm
Script started 
Local date is [2021-11-20 02:00:01.671] 
About to run count_delivery_records.py 
root - INFO - Found 4050
root - INFO - Finished updating factions and patients csv
About to copy file to tmp location 
About to load_new_data.py 
root - INFO - STARTING AT : 20211120020008
root - INFO - Opening : C:\Users\ben.george\OneDrive - GenesisCare\General - Stereotactic Radiotherapy Service\MRLINAC\Patient_dashboard\src\xlsm_tmp\MRL_dashboard.xlsm
Script started 
Local date is [2021-11-22 09:10:26.032] 
About to run count_delivery_records.py 
root - INFO - Found 4053
root - INFO - Finished updating factions and patients csv
About to copy file to tmp location 
About to load_new_data.py 
root - INFO - STARTING AT : 20211122091030
root - INFO - Opening : C:\Users\ben.george\OneDrive - GenesisCare\General - Stereotactic Radiotherapy Service\MRLINAC\Patient_dashboard\src\xlsm_tmp\MRL_dashboard.xlsm
root - INFO - Cannot update - workbook probably open
root - INFO - Deleted var
About to copy back 
FINISHED 
Script started 
Local date is [2021-11-22 09:13:30.445] 
About to run count_delivery_records.py 
root - INFO - Found 4054
root - INFO - Finished updating factions and patients csv
About to copy file to tmp location 
About to load_new_data.py 
root - INFO - STARTING AT : 20211122091334
root - INFO - Opening : C:\Users\ben.george\OneDrive - GenesisCare\General - Stereotactic Radiotherapy Service\MRLINAC\Patient_dashboard\src\xlsm_tmp\MRL_dashboard.xlsm
root - INFO - Workbook open, running macro
root - INFO - Macro run
root - INFO - Cannot update - workbook probably open
root - INFO - Deleted var
About to copy back 
FINISHED 
Script started 
Local date is [2021-11-22 09:44:46.900] 
About to run count_delivery_records.py 
root - INFO - Found 4054
root - INFO - Finished updating factions and patients csv
About to load_new_data.py 
root - INFO - STARTING AT : 20211122094508
About to copy new PDF 
FINISHED 
Script started 
Local date is [2021-11-22 09:45:20.082] 
About to run count_delivery_records.py 
root - INFO - Found 4054
root - INFO - Finished updating factions and patients csv
About to load_new_data.py 
root - INFO - STARTING AT : 20211122094521
About to copy new PDF 
FINISHED 
Script started 
Local date is [2021-11-22 09:45:35.361] 
About to run count_delivery_records.py 
root - INFO - Found 4054
root - INFO - Finished updating factions and patients csv
About to load_new_data.py 
root - INFO - STARTING AT : 20211122094537
About to copy new PDF 
FINISHED 
Script started 
Local date is [2021-11-22 09:45:52.033] 
About to run count_delivery_records.py 
root - INFO - Found 4054
root - INFO - Finished updating factions and patients csv
About to load_new_data.py 
root - INFO - STARTING AT : 20211122094553
root - INFO - Opening : C:\Users\ben.george\OneDrive - GenesisCare\General - Stereotactic Radiotherapy Service\MRLINAC\Patient_dashboard\src\xlsm\MRL_dashboard.xlsm
root - INFO - Workbook open, running macro
root - INFO - Macro run
root - INFO - Cannot update - workbook probably open
root - INFO - Deleted var
About to copy new PDF 
FINISHED 
Script started 
Local date is [2021-11-23 02:00:02.062] 
About to run count_delivery_records.py 
root - INFO - Found 4065
root - INFO - Finished updating factions and patients csv
About to load_new_data.py 
root - INFO - STARTING AT : 20211123020007
root - INFO - Opening : C:\Users\ben.george\OneDrive - GenesisCare\General - Stereotactic Radiotherapy Service\MRLINAC\Patient_dashboard\src\xlsm\MRL_dashboard.xlsm
root - INFO - Cannot update - workbook probably open
root - INFO - Deleted var
About to copy new PDF 
FINISHED 
Script started 
Local date is [2021-11-24 11:18:27.118] 
About to run count_delivery_records.py 
root - INFO - Found 4079
root - INFO - Finished updating factions and patients csv
About to load_new_data.py 
root - INFO - STARTING AT : 20211124111834
root - INFO - Opening : C:\Users\ben.george\OneDrive - GenesisCare\MRL\Projects\Dashboard-web\xlsm_dashboard\src\xlsm\MRL_dashboard.xlsm
root - INFO - Workbook open, running macro
root - INFO - Macro run
root - INFO - Cannot update - workbook probably open
root - INFO - Deleted var
FINISHED 
Script started 
Local date is [2021-11-24 13:09:12.539] 
About to run count_delivery_records.py 
root - INFO - Found 4080
root - INFO - Finished updating factions and patients csv
About to load_new_data.py 
root - INFO - STARTING AT : 20211124133516
root - INFO - Opening : C:\Users\ben.george\OneDrive - GenesisCare\MRL\Projects\Dashboard-web\xlsm_dashboard\src\xlsm\MRL_dashboard.xlsm
root - INFO - Workbook open, running macro
root - INFO - Macro run
root - INFO - Workbook quit
root - INFO - Deleted var
FINISHED 
Script started 
Local date is [2021-11-24 13:38:30.298] 
About to run count_delivery_records.py 
root - INFO - Found 4080
root - INFO - Finished updating factions and patients csv
About to load_new_data.py 
root - INFO - STARTING AT : 20211124140544
root - INFO - Opening : C:\Users\ben.george\OneDrive - GenesisCare\MRL\Projects\Dashboard-web\xlsm_dashboard\src\xlsm\MRL_dashboard.xlsm
root - INFO - Workbook open, running macro
root - INFO - Macro run
root - INFO - Workbook quit
root - INFO - Deleted var
FINISHED 
Script started 
Local date is [2021-11-24 14:43:59.471] 
About to run count_delivery_records.py 
root - INFO - Found 4081
root - INFO - Finished updating factions and patients csv
About to load_new_data.py 
root - INFO - STARTING AT : 20211124144405
root - INFO - Opening : C:\Users\ben.george\OneDrive - GenesisCare\MRL\Projects\Dashboard-web\xlsm_dashboard\src\xlsm\MRL_dashboard.xlsm
root - INFO - Workbook open, running macro
root - INFO - Macro run
root - INFO - Workbook quit
root - INFO - Deleted var
FINISHED 
Script started 
Local date is [2021-11-24 20:44:50.332] 
About to run count_delivery_records.py 
root - INFO - Found 4084
root - INFO - Finished updating factions and patients csv
About to load_new_data.py 
root - INFO - STARTING AT : 20211124204454
root - INFO - Opening : C:\Users\ben.george\OneDrive - GenesisCare\MRL\Projects\Dashboard-web\xlsm_dashboard\src\xlsm\MRL_dashboard.xlsm
root - INFO - Workbook open, running macro
root - INFO - Macro run
root - INFO - Workbook quit
root - INFO - Deleted var
FINISHED 
Script started 
Local date is [2021-11-25 02:00:01.777] 
About to run count_delivery_records.py 
root - INFO - Found 4084
root - INFO - Finished updating factions and patients csv
About to load_new_data.py 
root - INFO - STARTING AT : 20211125020004
root - INFO - Opening : C:\Users\ben.george\OneDrive - GenesisCare\MRL\Projects\Dashboard-web\xlsm_dashboard\src\xlsm\MRL_dashboard.xlsm
root - INFO - Workbook open, running macro
root - INFO - Macro run
root - INFO - Workbook quit
root - INFO - Deleted var
FINISHED 
Script started 
Local date is [2021-11-25 11:53:07.484] 
About to run count_delivery_records.py 
root - INFO - Found 4087
root - INFO - Finished updating factions and patients csv
About to load_new_data.py 
root - INFO - STARTING AT : 20211125115313
root - INFO - Opening : C:\Users\ben.george\OneDrive - GenesisCare\MRL\Projects\Dashboard-web\xlsm_dashboard\src\xlsm\MRL_dashboard.xlsm
root - INFO - Workbook open, running macro
root - INFO - Macro run
root - INFO - Workbook quit
root - INFO - Deleted var
FINISHED 
