root - INFO - Found 3929
root - INFO - Found 3929
root - INFO - Found 3929
root - INFO - Finished updating factions and patients csv
root - INFO - Found 3930
root - INFO - Finished updating factions and patients csv
root - INFO - STARTING AT : 20211122095521
root - INFO - Opening : C:\Users\ben.george\OneDrive - GenesisCare\General - Stereotactic Radiotherapy Service\MRLINAC\Patient_dashboard\src\xlsm\MRL_dashboard.xlsm
root - INFO - Workbook open, running macro
root - INFO - Macro run
root - INFO - Cannot update - workbook probably open
root - INFO - Deleted var
root - INFO - STARTING AT : 20211122095847
root - INFO - Opening : C:\Users\ben.george\OneDrive - GenesisCare\General - Stereotactic Radiotherapy Service\MRLINAC\Patient_dashboard\src\xlsm\MRL_dashboard.xlsm
root - INFO - Cannot update - workbook probably open
root - INFO - Deleted var
root - INFO - STARTING AT : 20211122095915
root - INFO - Opening : C:\Users\ben.george\OneDrive - GenesisCare\General - Stereotactic Radiotherapy Service\MRLINAC\Patient_dashboard\src\xlsm\MRL_dashboard.xlsm
root - INFO - Cannot update - workbook probably open
root - INFO - Deleted var
root - INFO - Found 4080
root - INFO - Finished updating factions and patients csv
